<?xml version="1.0" encoding="UTF-8"?>
<testng-results ignored="0" total="2" passed="2" failed="0" skipped="0">
  <reporter-output>
  </reporter-output>
  <suite started-at="2025-02-06T10:43:55 IST" name="Suite" finished-at="2025-02-06T10:44:41 IST" duration-ms="45970">
    <groups>
    </groups>
    <test started-at="2025-02-06T10:43:55 IST" name="Test" finished-at="2025-02-06T10:44:41 IST" duration-ms="45970">
      <class name="com.expandtestig.tests.WebInputsTest">
        <test-method is-config="true" signature="setup()[pri:0, instance:com.expandtestig.tests.WebInputsTest@15a902e7]" started-at="2025-02-06T10:43:55 IST" name="setup" finished-at="2025-02-06T10:44:03 IST" duration-ms="7480" status="PASS">
          <reporter-output>
          </reporter-output>
        </test-method> <!-- setup -->
        <test-method signature="verifyDisplyInputs()[pri:0, instance:com.expandtestig.tests.WebInputsTest@15a902e7]" started-at="2025-02-06T10:44:03 IST" name="verifyDisplyInputs" finished-at="2025-02-06T10:44:21 IST" duration-ms="17553" status="PASS">
          <reporter-output>
          </reporter-output>
        </test-method> <!-- verifyDisplyInputs -->
        <test-method signature="verifyWebInputPageIsPresent()[pri:0, instance:com.expandtestig.tests.WebInputsTest@15a902e7]" started-at="2025-02-06T10:44:21 IST" name="verifyWebInputPageIsPresent" finished-at="2025-02-06T10:44:41 IST" duration-ms="20122" status="PASS">
          <reporter-output>
          </reporter-output>
        </test-method> <!-- verifyWebInputPageIsPresent -->
        <test-method is-config="true" signature="tearDown()[pri:0, instance:com.expandtestig.tests.WebInputsTest@15a902e7]" started-at="2025-02-06T10:44:41 IST" name="tearDown" finished-at="2025-02-06T10:44:41 IST" duration-ms="394" status="PASS">
          <reporter-output>
          </reporter-output>
        </test-method> <!-- tearDown -->
      </class> <!-- com.expandtestig.tests.WebInputsTest -->
    </test> <!-- Test -->
  </suite> <!-- Suite -->
</testng-results>
