<?xml version="1.0" encoding="UTF-8"?>
<testng-results ignored="0" total="2" passed="2" failed="0" skipped="0">
  <reporter-output>
  </reporter-output>
  <suite started-at="2025-02-06T10:24:46 IST" name="Suite" finished-at="2025-02-06T10:25:32 IST" duration-ms="46753">
    <groups>
    </groups>
    <test started-at="2025-02-06T10:24:46 IST" name="Test" finished-at="2025-02-06T10:25:32 IST" duration-ms="46753">
      <class name="com.expandtestig.tests.WebInputsTest">
        <test-method is-config="true" signature="setup()[pri:0, instance:com.expandtestig.tests.WebInputsTest@4cc547a]" started-at="2025-02-06T10:24:46 IST" name="setup" finished-at="2025-02-06T10:24:55 IST" duration-ms="9234" status="PASS">
          <reporter-output>
          </reporter-output>
        </test-method> <!-- setup -->
        <test-method signature="verifyDisplyInputs()[pri:0, instance:com.expandtestig.tests.WebInputsTest@4cc547a]" started-at="2025-02-06T10:24:55 IST" name="verifyDisplyInputs" finished-at="2025-02-06T10:25:12 IST" duration-ms="17047" status="PASS">
          <reporter-output>
          </reporter-output>
        </test-method> <!-- verifyDisplyInputs -->
        <test-method signature="verifyWebInputPageIsPresent()[pri:0, instance:com.expandtestig.tests.WebInputsTest@4cc547a]" started-at="2025-02-06T10:25:12 IST" name="verifyWebInputPageIsPresent" finished-at="2025-02-06T10:25:32 IST" duration-ms="20178" status="PASS">
          <reporter-output>
          </reporter-output>
        </test-method> <!-- verifyWebInputPageIsPresent -->
      </class> <!-- com.expandtestig.tests.WebInputsTest -->
    </test> <!-- Test -->
  </suite> <!-- Suite -->
</testng-results>
